2022-04-14 06:29:49 notice: Notice (1024): Undefined property: AppointController::$Image in C:\Web\cakephp\new_cake_app\src\Controller\AppointController.php on line 23 in [C:\Web\cakephp\new_cake_app\vendor\cakephp\cakephp\src\Controller\Controller.php, line 329]
Request URL: /appoint
Trace:
Cake\Error\BaseErrorHandler::handleError() - CORE\src\Error\BaseErrorHandler.php, line 185
DebugKit\Plugin::DebugKit\{closure}() - ROOT\vendor\cakephp\debug_kit\src\Plugin.php, line 123
Cake\Controller\Controller::__get() - CORE\src\Controller\Controller.php, line 329
App\Controller\AppointController::index() - APP/Controller\AppointController.php, line 23
Cake\Controller\Controller::invokeAction() - CORE\src\Controller\Controller.php, line 539
Cake\Controller\ControllerFactory::handle() - CORE\src\Controller\ControllerFactory.php, line 140
Cake\Controller\ControllerFactory::invoke() - CORE\src\Controller\ControllerFactory.php, line 115
Cake\Http\BaseApplication::handle() - CORE\src\Http\BaseApplication.php, line 317
Cake\Http\Runner::handle() - CORE\src\Http\Runner.php, line 77
Cake\Http\Middleware\CsrfProtectionMiddleware::process() - CORE\src\Http\Middleware\CsrfProtectionMiddleware.php, line 174
Cake\Http\Runner::handle() - CORE\src\Http\Runner.php, line 73
Cake\Http\Middleware\BodyParserMiddleware::process() - CORE\src\Http\Middleware\BodyParserMiddleware.php, line 157
Cake\Http\Runner::handle() - CORE\src\Http\Runner.php, line 73
Authentication\Middleware\AuthenticationMiddleware::process() - ROOT\vendor\cakephp\authentication\src\Middleware\AuthenticationMiddleware.php, line 124
Cake\Http\Runner::handle() - CORE\src\Http\Runner.php, line 73
Cake\Routing\Middleware\RoutingMiddleware::process() - CORE\src\Routing\Middleware\RoutingMiddleware.php, line 161
Cake\Http\Runner::handle() - CORE\src\Http\Runner.php, line 73
Cake\Routing\Middleware\AssetMiddleware::process() - CORE\src\Routing\Middleware\AssetMiddleware.php, line 68
Cake\Http\Runner::handle() - CORE\src\Http\Runner.php, line 73
Cake\Routing\Middleware\RoutingMiddleware::process() - CORE\src\Routing\Middleware\RoutingMiddleware.php, line 161
Cake\Http\Runner::handle() - CORE\src\Http\Runner.php, line 73
Cake\Error\Middleware\ErrorHandlerMiddleware::process() - CORE\src\Error\Middleware\ErrorHandlerMiddleware.php, line 126
Cake\Http\Runner::handle() - CORE\src\Http\Runner.php, line 73
DebugKit\Middleware\DebugKitMiddleware::process() - ROOT\vendor\cakephp\debug_kit\src\Middleware\DebugKitMiddleware.php, line 60
Cake\Http\Runner::handle() - CORE\src\Http\Runner.php, line 73
Cake\Http\Runner::run() - CORE\src\Http\Runner.php, line 58
Cake\Http\Server::run() - CORE\src\Http\Server.php, line 90
[main] - ROOT\webroot\index.php, line 40

2022-04-14 06:31:27 notice: Notice (1024): Undefined property: AppointController::$Image in C:\Web\cakephp\new_cake_app\src\Controller\AppointController.php on line 23 in [C:\Web\cakephp\new_cake_app\vendor\cakephp\cakephp\src\Controller\Controller.php, line 329]
Request URL: /appoint
Trace:
Cake\Error\BaseErrorHandler::handleError() - CORE\src\Error\BaseErrorHandler.php, line 185
DebugKit\Plugin::DebugKit\{closure}() - ROOT\vendor\cakephp\debug_kit\src\Plugin.php, line 123
Cake\Controller\Controller::__get() - CORE\src\Controller\Controller.php, line 329
App\Controller\AppointController::index() - APP/Controller\AppointController.php, line 23
Cake\Controller\Controller::invokeAction() - CORE\src\Controller\Controller.php, line 539
Cake\Controller\ControllerFactory::handle() - CORE\src\Controller\ControllerFactory.php, line 140
Cake\Controller\ControllerFactory::invoke() - CORE\src\Controller\ControllerFactory.php, line 115
Cake\Http\BaseApplication::handle() - CORE\src\Http\BaseApplication.php, line 317
Cake\Http\Runner::handle() - CORE\src\Http\Runner.php, line 77
Cake\Http\Middleware\CsrfProtectionMiddleware::process() - CORE\src\Http\Middleware\CsrfProtectionMiddleware.php, line 174
Cake\Http\Runner::handle() - CORE\src\Http\Runner.php, line 73
Cake\Http\Middleware\BodyParserMiddleware::process() - CORE\src\Http\Middleware\BodyParserMiddleware.php, line 157
Cake\Http\Runner::handle() - CORE\src\Http\Runner.php, line 73
Authentication\Middleware\AuthenticationMiddleware::process() - ROOT\vendor\cakephp\authentication\src\Middleware\AuthenticationMiddleware.php, line 124
Cake\Http\Runner::handle() - CORE\src\Http\Runner.php, line 73
Cake\Routing\Middleware\RoutingMiddleware::process() - CORE\src\Routing\Middleware\RoutingMiddleware.php, line 161
Cake\Http\Runner::handle() - CORE\src\Http\Runner.php, line 73
Cake\Routing\Middleware\AssetMiddleware::process() - CORE\src\Routing\Middleware\AssetMiddleware.php, line 68
Cake\Http\Runner::handle() - CORE\src\Http\Runner.php, line 73
Cake\Routing\Middleware\RoutingMiddleware::process() - CORE\src\Routing\Middleware\RoutingMiddleware.php, line 161
Cake\Http\Runner::handle() - CORE\src\Http\Runner.php, line 73
Cake\Error\Middleware\ErrorHandlerMiddleware::process() - CORE\src\Error\Middleware\ErrorHandlerMiddleware.php, line 126
Cake\Http\Runner::handle() - CORE\src\Http\Runner.php, line 73
DebugKit\Middleware\DebugKitMiddleware::process() - ROOT\vendor\cakephp\debug_kit\src\Middleware\DebugKitMiddleware.php, line 60
Cake\Http\Runner::handle() - CORE\src\Http\Runner.php, line 73
Cake\Http\Runner::run() - CORE\src\Http\Runner.php, line 58
Cake\Http\Server::run() - CORE\src\Http\Server.php, line 90
[main] - ROOT\webroot\index.php, line 40

2022-04-14 06:31:40 notice: Notice (1024): Undefined property: AppointController::$Image in C:\Web\cakephp\new_cake_app\src\Controller\AppointController.php on line 23 in [C:\Web\cakephp\new_cake_app\vendor\cakephp\cakephp\src\Controller\Controller.php, line 329]
Request URL: /appoint/
Trace:
Cake\Error\BaseErrorHandler::handleError() - CORE\src\Error\BaseErrorHandler.php, line 185
DebugKit\Plugin::DebugKit\{closure}() - ROOT\vendor\cakephp\debug_kit\src\Plugin.php, line 123
Cake\Controller\Controller::__get() - CORE\src\Controller\Controller.php, line 329
App\Controller\AppointController::index() - APP/Controller\AppointController.php, line 23
Cake\Controller\Controller::invokeAction() - CORE\src\Controller\Controller.php, line 539
Cake\Controller\ControllerFactory::handle() - CORE\src\Controller\ControllerFactory.php, line 140
Cake\Controller\ControllerFactory::invoke() - CORE\src\Controller\ControllerFactory.php, line 115
Cake\Http\BaseApplication::handle() - CORE\src\Http\BaseApplication.php, line 317
Cake\Http\Runner::handle() - CORE\src\Http\Runner.php, line 77
Cake\Http\Middleware\CsrfProtectionMiddleware::process() - CORE\src\Http\Middleware\CsrfProtectionMiddleware.php, line 174
Cake\Http\Runner::handle() - CORE\src\Http\Runner.php, line 73
Cake\Http\Middleware\BodyParserMiddleware::process() - CORE\src\Http\Middleware\BodyParserMiddleware.php, line 157
Cake\Http\Runner::handle() - CORE\src\Http\Runner.php, line 73
Authentication\Middleware\AuthenticationMiddleware::process() - ROOT\vendor\cakephp\authentication\src\Middleware\AuthenticationMiddleware.php, line 124
Cake\Http\Runner::handle() - CORE\src\Http\Runner.php, line 73
Cake\Routing\Middleware\RoutingMiddleware::process() - CORE\src\Routing\Middleware\RoutingMiddleware.php, line 161
Cake\Http\Runner::handle() - CORE\src\Http\Runner.php, line 73
Cake\Routing\Middleware\AssetMiddleware::process() - CORE\src\Routing\Middleware\AssetMiddleware.php, line 68
Cake\Http\Runner::handle() - CORE\src\Http\Runner.php, line 73
Cake\Routing\Middleware\RoutingMiddleware::process() - CORE\src\Routing\Middleware\RoutingMiddleware.php, line 161
Cake\Http\Runner::handle() - CORE\src\Http\Runner.php, line 73
Cake\Error\Middleware\ErrorHandlerMiddleware::process() - CORE\src\Error\Middleware\ErrorHandlerMiddleware.php, line 126
Cake\Http\Runner::handle() - CORE\src\Http\Runner.php, line 73
DebugKit\Middleware\DebugKitMiddleware::process() - ROOT\vendor\cakephp\debug_kit\src\Middleware\DebugKitMiddleware.php, line 60
Cake\Http\Runner::handle() - CORE\src\Http\Runner.php, line 73
Cake\Http\Runner::run() - CORE\src\Http\Runner.php, line 58
Cake\Http\Server::run() - CORE\src\Http\Server.php, line 90
[main] - ROOT\webroot\index.php, line 40

